0 [LOG] Control scheme file not found.
0 [EXCEPTION] FileNotFoundException: Could not find file "C:\Users\Iver\PycharmProjects\pythonProject\venv\T.U.R.D. bot\ControlScheme.json"
	System.IO.FileStream..ctor (System.String path, System.IO.FileMode mode, System.IO.FileAccess access, System.IO.FileShare share, System.Int32 bufferSize, System.Boolean anonymous, System.IO.FileOptions options) (at <eae584ce26bc40229c1b1aa476bfa589>:0)
System.IO.FileStream..ctor (System.String path, System.IO.FileMode mode, System.IO.FileAccess access, System.IO.FileShare share, System.Int32 bufferSize, System.IO.FileOptions options, System.String msgPath, System.Boolean bFromProxy, System.Boolean useLongPath, System.Boolean checkHost) (at <eae584ce26bc40229c1b1aa476bfa589>:0)
(wrapper remoting-invoke-with-check) System.IO.FileStream..ctor(string,System.IO.FileMode,System.IO.FileAccess,System.IO.FileShare,int,System.IO.FileOptions,string,bool,bool,bool)
System.IO.StreamReader..ctor (System.String path, System.Text.Encoding encoding, System.Boolean detectEncodingFromByteOrderMarks, System.Int32 bufferSize, System.Boolean checkHost) (at <eae584ce26bc40229c1b1aa476bfa589>:0)
System.IO.StreamReader..ctor (System.String path, System.Text.Encoding encoding, System.Boolean detectEncodingFromByteOrderMarks, System.Int32 bufferSize) (at <eae584ce26bc40229c1b1aa476bfa589>:0)
System.IO.StreamReader..ctor (System.String path, System.Boolean detectEncodingFromByteOrderMarks) (at <eae584ce26bc40229c1b1aa476bfa589>:0)
System.IO.StreamReader..ctor (System.String path) (at <eae584ce26bc40229c1b1aa476bfa589>:0)
(wrapper remoting-invoke-with-check) System.IO.StreamReader..ctor(string)
System.IO.File.ReadAllText (System.String path) (at <eae584ce26bc40229c1b1aa476bfa589>:0)
InputSystem.Load () (at <75cbe74e2bb447a295487b912e82bb79>:0)
UnityEngine.Debug:LogException(Exception)
InputSystem:Load()
ControlSchemeEditorBehaviour:LoadInputSystem()
ControlSchemeEditorBehaviour:Awake()
UnityEngine.GameObject:SetActive(Boolean)
MenuController:Awake()


0 [LOG] Jukebox not found. Can't load custom jukebox files.
0 [LOG] {
  "CollisionQuality": "Dynamic",
  "StopAnimationOnDamage": false,
  "DropOnDeath": true,
  "ShakeIntensity": 1.0,
  "ShowOutlines": true,
  "SlowMotionSpeed": 20.0,
  "AmbientTemperatureTransfer": false,
  "PhysicsIterations": 16,
  "ShowModLoadingFreeze": true,
  "RejectShadyCode": true,
  "MaxModCompilationTime": 30,
  "GorelessMode": false,
  "ProceduralFragments": false,
  "FragilityMultiplier": 1.0,
  "LimbCrushing": true,
  "BrainDamage": true,
  "LimbOverflowExplosion": false,
  "GoreMode": "Default",
  "AutoHealWounds": true,
  "ChunkyShotParticles": true,
  "DismembermentLooseTissue": true,
  "CrushForceMultiplier": 1.0,
  "BloomMode": "Fancy",
  "TracerBullets": true,
  "FancyEffects": true,
  "Decals": true,
  "Lighting": true,
  "MasterVolume": 1.0,
  "SfxVolume": 1.0,
  "UserInterfaceVolume": 1.0,
  "AmbienceVolume": 1.0,
  "AmbienceHighpassCutoff": 90.0,
  "ClampVolume": true,
  "DistantSoundEffects": true,
  "LogDebugMessages": false,
  "ShowFramerate": false,
  "ZoomSensitivity": 1.0,
  "ThermalVisionUpdateRate": 25,
  "DeleteWireByContextMenu": true,
  "TemperatureUnit": "Celsius",
  "VSync": false,
  "SMAA": false,
  "TonemappingMode": "Modern",
  "Brightness": 100.0,
  "RenderScale": 1.0,
  "FramerateLimit": 144,
  "SimplifiedBackground": false,
  "WindowMode": "Borderless",
  "Resolution": null,
  "ShowTutorial": true,
  "ToyboxSizeOffset": 483.6
}
0 [LOG] Registered map "Abyss" with ID cce24b21-779f-44e4-a4f5-9cc5c3fc6b18
0 [LOG] Registered map "Blocks" with ID b77a3f22-10da-4ef5-9dce-0413f15e15c1
0 [LOG] Registered map "Default" with ID fb813068-e717-45de-a97f-4677a41758e6
0 [LOG] Registered map "Humongous" with ID 8a2f165e-d4e9-4e6c-b20c-8ffa660c10c8
0 [LOG] Registered map "Hybrid" with ID 1f444372-71ce-4862-a02e-708d82eb9dc0
0 [LOG] Registered map "Lava" with ID 498b4aad-0ccc-4167-aee2-324a28cd57ae
0 [LOG] Registered map "Sea" with ID 35a41d94-8bc7-47a2-93de-3a297955e97c
0 [LOG] Registered map "Slanted" with ID 75c18cc2-5e0d-4e3c-b966-c852cdd1bb8b
0 [LOG] Registered map "Small" with ID 544cf3d4-018d-4dd1-b442-b3845e07f1a3
0 [LOG] Registered map "Snow" with ID 3924fb95-dc1d-43e9-b8b1-b161b91c1f9b
0 [LOG] Registered map "Tiny" with ID 5b8c90b2-59fb-4fc7-9915-229cbc04ef0d
0 [LOG] Registered map "Tower" with ID 5bb837ca-bbf1-4b64-a39d-33b0ab684e1d
0 [LOG] Registered map "Void" with ID 265b1c13-c372-4ea4-8448-09731f0b0985
0 [LOG] Registered map "Substructure" with ID 004cb5da-0d40-4fc7-aba2-d86a9659c724
0 [ERROR] Failed to read trust cache: Could not find a part of the path "C:\Users\Iver\PycharmProjects\pythonProject\venv\T.U.R.D. bot\People Playground_Data\tc.bin".
	0x00007ffedcf7ec7c (UnityPlayer) 
0x00007ffedcf83ac3 (UnityPlayer) 
0x00007ffedcf6e09d (UnityPlayer) 
0x00007ffedd943829 (UnityPlayer) UnityMain
0x00007ffedd3c3f40 (UnityPlayer) UnityMain
0x000001847c7dbeee (Mono JIT Code) (wrapper managed-to-native) UnityEngine.DebugLogHandler:Internal_Log (UnityEngine.LogType,UnityEngine.LogOption,string,UnityEngine.Object)
0x000001847c7dbbfb (Mono JIT Code) UnityEngine.DebugLogHandler:LogFormat (UnityEngine.LogType,UnityEngine.Object,string,object[])
0x000001847c7e9511 (Mono JIT Code) UnityEngine.Logger:LogFormat (UnityEngine.LogType,string,object[])
0x000001847dee3a2a (Mono JIT Code) UnityEngine.Debug:LogErrorFormat (string,object[])
0x000001847dee342b (Mono JIT Code) TrustCache:Load ()
0x000001847dee0223 (Mono JIT Code) BackgroundItemLoader/<LoadingCoroutine>d__9:MoveNext ()
0x000001847caf566c (Mono JIT Code) UnityEngine.SetupCoroutine:InvokeMoveNext (System.Collections.IEnumerator,intptr)
0x000001847caf5797 (Mono JIT Code) (wrapper runtime-invoke) <Module>:runtime_invoke_void_object_intptr (object,intptr,intptr,intptr)
0x00007ffee964e480 (mono-2.0-bdwgc) mono_get_runtime_build_info
0x00007ffee95d2902 (mono-2.0-bdwgc) mono_perfcounters_init
0x00007ffee95db95f (mono-2.0-bdwgc) mono_runtime_invoke
0x00007ffedd35233d (UnityPlayer) UnityMain
0x00007ffedd34f5c2 (UnityPlayer) UnityMain
0x00007ffedd332cb5 (UnityPlayer) UnityMain
0x00007ffedd33d251 (UnityPlayer) UnityMain
0x00007ffedd33c493 (UnityPlayer) UnityMain
0x00007ffedd4251f4 (UnityPlayer) UnityMain
0x000001847caf5549 (Mono JIT Code) (wrapper managed-to-native) UnityEngine.MonoBehaviour:StartCoroutineManaged2 (UnityEngine.MonoBehaviour,System.Collections.IEnumerator)
0x000001847caf52b3 (Mono JIT Code) UnityEngine.MonoBehaviour:StartCoroutine (System.Collections.IEnumerator)
0x000001847de9ed53 (Mono JIT Code) BackgroundItemLoader:Start ()
0x00000183e3f87280 (Mono JIT Code) (wrapper runtime-invoke) object:runtime_invoke_void__this__ (object,intptr,intptr,intptr)
0x00007ffee964e480 (mono-2.0-bdwgc) mono_get_runtime_build_info
0x00007ffee95d2902 (mono-2.0-bdwgc) mono_perfcounters_init
0x00007ffee95db95f (mono-2.0-bdwgc) mono_runtime_invoke
0x00007ffedd35233d (UnityPlayer) UnityMain
0x00007ffedd34f5c2 (UnityPlayer) UnityMain
0x00007ffedd339da0 (UnityPlayer) UnityMain
0x00007ffedd339e2e (UnityPlayer) UnityMain
0x00007ffedd33762a (UnityPlayer) UnityMain
0x00007ffedd0b4f44 (UnityPlayer) UnityMain
0x00007ffedd1e2ada (UnityPlayer) UnityMain
0x00007ffedd1e2b80 (UnityPlayer) UnityMain
0x00007ffedd1e68d8 (UnityPlayer) UnityMain
0x00007ffedcfabc4a (UnityPlayer) 
0x00007ffedcfaa2bd (UnityPlayer) 
0x00007ffedcfaf392 (UnityPlayer) 
0x00007ffedcfb02ab (UnityPlayer) UnityMain
0x00007ff77af911f2 (People Playground) 
0x00007fff59607614 (KERNEL32) BaseThreadInitThunk
0x00007fff5a2826a1 (ntdll) RtlUserThreadStart


0 [LOG] Started background loading task: Steam Workshop Retrieving list
6.22 [LOG] Finished background loading task: Steam Workshop Retrieving list
6.22 [LOG] Started background loading task: Contraptions Reading
6.24 [LOG] Finished background loading task: Contraptions Reading
6.24 [LOG] Started background loading task: Contraptions Synchronising
6.25 [LOG] Finished background loading task: Contraptions Synchronising
6.25 [LOG] Started background loading task: PP-NPC Parsing metadata
6.39 [LOG] Finished background loading task: PP-NPC Parsing metadata
6.39 [LOG] Started background loading task: PP-NPC Processing
6.66 [EXCEPTION] InvalidOperationException: Not connected to the server.
	WatsonTcp.WatsonTcpClient.Disconnect (System.Boolean sendNotice) (at <d4853fabd5254f399616f7017e8b607e>:0)
ModCompilerSockets.Stop () (at <75cbe74e2bb447a295487b912e82bb79>:0)
ModCompilerSockets.Dispose () (at <75cbe74e2bb447a295487b912e82bb79>:0)
CompilerClient.Dispose () (at <75cbe74e2bb447a295487b912e82bb79>:0)
CompilerServerBehaviour.OnApplicationQuit () (at <75cbe74e2bb447a295487b912e82bb79>:0)


6.66 [EXCEPTION] DirectoryNotFoundException: Could not find a part of the path "C:\Users\Iver\PycharmProjects\pythonProject\venv\T.U.R.D. bot\People Playground_Data\tc.bin".
	System.IO.FileStream..ctor (System.String path, System.IO.FileMode mode, System.IO.FileAccess access, System.IO.FileShare share, System.Int32 bufferSize, System.Boolean anonymous, System.IO.FileOptions options) (at <eae584ce26bc40229c1b1aa476bfa589>:0)
System.IO.FileStream..ctor (System.String path, System.IO.FileMode mode, System.IO.FileAccess access, System.IO.FileShare share, System.Int32 bufferSize) (at <eae584ce26bc40229c1b1aa476bfa589>:0)
(wrapper remoting-invoke-with-check) System.IO.FileStream..ctor(string,System.IO.FileMode,System.IO.FileAccess,System.IO.FileShare,int)
System.IO.File.Create (System.String path, System.Int32 bufferSize) (at <eae584ce26bc40229c1b1aa476bfa589>:0)
System.IO.File.Create (System.String path) (at <eae584ce26bc40229c1b1aa476bfa589>:0)
System.IO.File.WriteAllBytes (System.String path, System.Byte[] bytes) (at <eae584ce26bc40229c1b1aa476bfa589>:0)
TrustCache.Save () (at <75cbe74e2bb447a295487b912e82bb79>:0)
BackgroundItemLoader.OnApplicationQuit () (at <75cbe74e2bb447a295487b912e82bb79>:0)


